[:01000001] LAUNCH logger mahjong_master.log
[:01000002] LAUNCH snlua bootstrap
[:01000003] LAUNCH snlua launcher
[:01000004] LAUNCH snlua cmaster
[:01000004] master listen socket 0.0.0.0:2001
[:01000005] LAUNCH snlua cslave
[:01000005] slave connect to master 127.0.0.1:2001
[:01000004] connect from 127.0.0.1:55101 4
[:01000006] LAUNCH harbor 1 16777221
[:01000004] Harbor 1 (fd=4) report 127.0.0.1:2401
[:01000005] Waiting for 0 harbors
[:01000005] Shakehand ready
[:01000007] LAUNCH snlua datacenterd
[:01000008] LAUNCH snlua service_mgr
[:01000009] LAUNCH snlua main
[:0100000a] LAUNCH snlua protoloader
[:0100000b] LAUNCH snlua console
[:0100000c] LAUNCH snlua codweb
[:0100000d] LAUNCH snlua multicastd
[:0100000e] LAUNCH snlua online_mgr
[:0100000f] LAUNCH snlua room_mgr
[:01000010] LAUNCH snlua room/room 1
[:00000000] A message from [ :01000010 ] to [ :01000010 ] maybe in an endless loop (version = 83)
[:01000011] LAUNCH snlua room/room 2
[:01000012] LAUNCH snlua room/room 3
[:01000013] LAUNCH snlua room/room 4
[:01000014] LAUNCH snlua room/room 5
[:01000015] LAUNCH snlua room/room 6
[:01000016] LAUNCH snlua room/room 7
[:01000017] LAUNCH snlua room/room 8
[:01000018] LAUNCH snlua room/room 9
[:01000019] LAUNCH snlua room/room 10
[:0100001a] LAUNCH snlua sid_mgr
[:0100001b] LAUNCH snlua radiocenter
[:0100001c] LAUNCH snlua game
[:0100001d] LAUNCH snlua sharedatad
[:0100001c] [info] [game][./../../module/mahjong/game.lua:57] command = start
[:0100001e] LAUNCH snlua chatd
[:0100001f] LAUNCH snlua sysemail/sysemaild
[:0100001f] [info] [sysemail/sysemaild][./../../module/mahjong/sysemail/sysemaild.lua:124] sysemaild command = start
[:01000020] LAUNCH snlua record/record_mgr
[:01000020] [info] [record/record_mgr][./../../module/mahjong/record/record_mgr.lua:75] tst
[:01000021] LAUNCH snlua agent_mgr
[:01000022] LAUNCH snlua agent/agent
[:01000023] LAUNCH snlua agent/agent
[:01000024] LAUNCH snlua agent/agent
[:01000025] LAUNCH snlua agent/agent
[:01000026] LAUNCH snlua agent/agent
[:01000027] LAUNCH snlua agent/agent
[:01000028] LAUNCH snlua agent/agent
[:01000029] LAUNCH snlua agent/agent
[:0100002a] LAUNCH snlua agent/agent
[:0100002b] LAUNCH snlua agent/agent
[:0100002c] LAUNCH snlua ai_mgr
[:0100002d] LAUNCH snlua wx_signupd
[:00000000] A message from [ :0100002d ] to [ :0100002d ] maybe in an endless loop (version = 307)
[:0100002e] LAUNCH snlua logind/logind 0.0.0.0:3002
[:0100002f] LAUNCH snlua logind/logind
[:01000030] LAUNCH snlua logind/logind
[:01000031] LAUNCH snlua logind/logind
[:01000032] LAUNCH snlua logind/logind
[:01000033] LAUNCH snlua logind/logind
[:01000034] LAUNCH snlua logind/logind
[:01000035] LAUNCH snlua logind/logind
[:01000036] LAUNCH snlua logind/logind
[:0100002e] login server listen at : 0.0.0.0 3002
[:01000037] LAUNCH snlua gated/gated
[:01000037] Listen on 0.0.0.0:3301
[:01000037] reister gate server: sample1
[:01000009] [info] [main][./../../module/mahjong/main.lua:15] host successful .
[:01000009] KILL self
[:01000002] KILL self
