  lua-stm.c
d:\ember\documents\github\chestnut\3rd\skynet\skynet-src\rwlock.h(21): warning C4013: '__sync_synchronize' undefined; assuming extern returning int
d:\ember\documents\github\chestnut\3rd\skynet\skynet-src\rwlock.h(23): warning C4013: '__sync_add_and_fetch' undefined; assuming extern returning int
d:\ember\documents\github\chestnut\3rd\skynet\skynet-src\rwlock.h(25): warning C4013: '__sync_sub_and_fetch' undefined; assuming extern returning int
d:\ember\documents\github\chestnut\3rd\skynet\skynet-src\rwlock.h(34): warning C4013: '__sync_lock_test_and_set' undefined; assuming extern returning int
d:\ember\documents\github\chestnut\3rd\skynet\skynet-src\rwlock.h(42): warning C4013: '__sync_lock_release' undefined; assuming extern returning int
  lua-socket.c
d:\ember\documents\github\chestnut\3rd\skynet\lualib-src\lua-socket.c(110): warning C4244: 'initializing': conversion from 'lua_Integer' to 'int', possible loss of data
d:\ember\documents\github\chestnut\3rd\skynet\lualib-src\lua-socket.c(240): warning C4244: 'initializing': conversion from 'lua_Integer' to 'int', possible loss of data
d:\ember\documents\github\chestnut\3rd\skynet\lualib-src\lua-socket.c(382): warning C4244: 'initializing': conversion from 'lua_Integer' to 'int', possible loss of data
d:\ember\documents\github\chestnut\3rd\skynet\lualib-src\lua-socket.c(436): warning C4244: '=': conversion from 'lua_Integer' to 'int', possible loss of data
d:\ember\documents\github\chestnut\3rd\skynet\lualib-src\lua-socket.c(464): warning C4244: 'initializing': conversion from 'lua_Integer' to 'int', possible loss of data
d:\ember\documents\github\chestnut\3rd\skynet\lualib-src\lua-socket.c(472): warning C4244: 'initializing': conversion from 'lua_Integer' to 'int', possible loss of data
d:\ember\documents\github\chestnut\3rd\skynet\lualib-src\lua-socket.c(481): warning C4244: 'initializing': conversion from 'lua_Integer' to 'int', possible loss of data
d:\ember\documents\github\chestnut\3rd\skynet\lualib-src\lua-socket.c(482): warning C4244: 'initializing': conversion from 'lua_Integer' to 'int', possible loss of data
d:\ember\documents\github\chestnut\3rd\skynet\lualib-src\lua-socket.c(538): warning C4244: '=': conversion from 'lua_Integer' to 'int', possible loss of data
d:\ember\documents\github\chestnut\3rd\skynet\lualib-src\lua-socket.c(560): warning C4244: 'initializing': conversion from 'lua_Integer' to 'int', possible loss of data
d:\ember\documents\github\chestnut\3rd\skynet\lualib-src\lua-socket.c(571): warning C4244: 'initializing': conversion from 'lua_Integer' to 'int', possible loss of data
d:\ember\documents\github\chestnut\3rd\skynet\lualib-src\lua-socket.c(582): warning C4244: 'initializing': conversion from 'lua_Integer' to 'int', possible loss of data
d:\ember\documents\github\chestnut\3rd\skynet\lualib-src\lua-socket.c(591): warning C4244: 'initializing': conversion from 'lua_Integer' to 'int', possible loss of data
d:\ember\documents\github\chestnut\3rd\skynet\lualib-src\lua-socket.c(599): warning C4244: 'initializing': conversion from 'lua_Integer' to 'int', possible loss of data
d:\ember\documents\github\chestnut\3rd\skynet\lualib-src\lua-socket.c(631): warning C4244: 'initializing': conversion from 'lua_Integer' to 'int', possible loss of data
d:\ember\documents\github\chestnut\3rd\skynet\lualib-src\lua-socket.c(655): warning C4244: 'initializing': conversion from 'lua_Integer' to 'int', possible loss of data
  lua-skynet.c
d:\ember\documents\github\chestnut\3rd\skynet\lualib-src\lua-skynet.c(133): warning C4996: 'sprintf': This function or variable may be unsafe. Consider using sprintf_s instead. To disable deprecation, use _CRT_SECURE_NO_WARNINGS. See online help for details.
  c:\program files (x86)\windows kits\10\include\10.0.15063.0\ucrt\stdio.h(1772): note: see declaration of 'sprintf'
d:\ember\documents\github\chestnut\3rd\skynet\lualib-src\lua-skynet.c(194): warning C4244: '=': conversion from 'lua_Integer' to 'int', possible loss of data
d:\ember\documents\github\chestnut\3rd\skynet\lualib-src\lua-skynet.c(189): warning C4244: 'initializing': conversion from 'lua_Integer' to 'int', possible loss of data
d:\ember\documents\github\chestnut\3rd\skynet\lualib-src\lua-skynet.c(214): warning C4244: 'initializing': conversion from 'lua_Integer' to 'int', possible loss of data
d:\ember\documents\github\chestnut\3rd\skynet\lualib-src\lua-skynet.c(295): warning C4244: 'initializing': conversion from 'lua_Integer' to 'int', possible loss of data
d:\ember\documents\github\chestnut\3rd\skynet\lualib-src\lua-skynet.c(316): warning C4244: 'initializing': conversion from 'lua_Integer' to 'int', possible loss of data
  lua-sharedata.c
d:\ember\documents\github\chestnut\3rd\skynet\lualib-src\lua-sharedata.c(116): warning C4244: '=': conversion from 'lua_Integer' to 'int', possible loss of data
d:\ember\documents\github\chestnut\3rd\skynet\lualib-src\lua-sharedata.c(196): warning C4244: '=': conversion from 'lua_Integer' to 'int', possible loss of data
d:\ember\documents\github\chestnut\3rd\skynet\lualib-src\lua-sharedata.c(393): warning C4244: 'initializing': conversion from 'lua_Integer' to 'int', possible loss of data
  lua-seri.c
d:\ember\documents\github\chestnut\3rd\skynet\lualib-src\lua-seri.c(447): warning C4244: '=': conversion from 'lua_Integer' to 'int', possible loss of data
d:\ember\documents\github\chestnut\3rd\skynet\lualib-src\lua-seri.c(568): warning C4244: '=': conversion from 'lua_Integer' to 'int', possible loss of data
  lua-profile.c
  lua-netpack.c
d:\ember\documents\github\chestnut\3rd\skynet\lualib-src\lua-netpack.c(340): warning C4244: 'initializing': conversion from 'lua_Integer' to 'int', possible loss of data
d:\ember\documents\github\chestnut\3rd\skynet\lualib-src\lua-netpack.c(457): warning C4244: 'initializing': conversion from 'lua_Integer' to 'int', possible loss of data
  lua-mysqlaux.c
  lua-multicast.c
c:\program files (x86)\windows kits\10\include\10.0.15063.0\um\winsock.h(856): warning C4273: 'gethostname': inconsistent dll linkage
  d:\ember\documents\github\chestnut\3rd\skynet\build\posix\unistd.h(26): note: see previous definition of 'gethostname'
d:\ember\documents\github\chestnut\3rd\skynet\lualib-src\lua-multicast.c(74): warning C4244: 'initializing': conversion from 'lua_Integer' to 'int', possible loss of data
d:\ember\documents\github\chestnut\3rd\skynet\lualib-src\lua-multicast.c(93): warning C4244: 'initializing': conversion from 'lua_Integer' to 'int', possible loss of data
  lua-mongo.c
d:\ember\documents\github\chestnut\3rd\skynet\lualib-src\lua-mongo.c(151): warning C4244: 'initializing': conversion from 'lua_Integer' to 'int', possible loss of data
d:\ember\documents\github\chestnut\3rd\skynet\lualib-src\lua-mongo.c(157): warning C4244: 'initializing': conversion from 'lua_Integer' to 'int', possible loss of data
d:\ember\documents\github\chestnut\3rd\skynet\lualib-src\lua-mongo.c(160): warning C4244: 'initializing': conversion from 'lua_Integer' to 'int', possible loss of data
d:\ember\documents\github\chestnut\3rd\skynet\lualib-src\lua-mongo.c(161): warning C4244: 'initializing': conversion from 'lua_Integer' to 'int', possible loss of data
d:\ember\documents\github\chestnut\3rd\skynet\lualib-src\lua-mongo.c(349): warning C4244: 'function': conversion from 'lua_Integer' to 'int32_t', possible loss of data
d:\ember\documents\github\chestnut\3rd\skynet\lualib-src\lua-mongo.c(374): warning C4244: 'initializing': conversion from 'lua_Integer' to 'int', possible loss of data
d:\ember\documents\github\chestnut\3rd\skynet\lualib-src\lua-mongo.c(377): warning C4244: 'initializing': conversion from 'lua_Integer' to 'int', possible loss of data
d:\ember\documents\github\chestnut\3rd\skynet\lualib-src\lua-mongo.c(429): warning C4244: 'function': conversion from 'lua_Integer' to 'int32_t', possible loss of data
d:\ember\documents\github\chestnut\3rd\skynet\lualib-src\lua-mongo.c(494): warning C4244: 'function': conversion from 'lua_Integer' to 'int32_t', possible loss of data
  lua-memory.c
d:\ember\documents\github\chestnut\3rd\skynet\lualib-src\lua-memory.c(41): warning C4244: 'initializing': conversion from 'lua_Integer' to 'int', possible loss of data
  lua-debugchannel.c
d:\ember\documents\github\chestnut\3rd\skynet\skynet-src\spinlock.h(22): warning C4013: '__sync_lock_test_and_set' undefined; assuming extern returning int
d:\ember\documents\github\chestnut\3rd\skynet\skynet-src\spinlock.h(32): warning C4013: '__sync_lock_release' undefined; assuming extern returning int
  lua-datasheet.c
d:\ember\documents\github\chestnut\3rd\skynet\lualib-src\lua-datasheet.c(234): warning C4018: '>=': signed/unsigned mismatch
d:\ember\documents\github\chestnut\3rd\skynet\lualib-src\lua-datasheet.c(243): warning C4018: '<': signed/unsigned mismatch
d:\ember\documents\github\chestnut\3rd\skynet\lualib-src\lua-datasheet.c(247): warning C4018: '<': signed/unsigned mismatch
  lua-crypt.c
d:\ember\documents\github\chestnut\3rd\skynet\lualib-src\lua-crypt.c(425): warning C4018: '<': signed/unsigned mismatch
d:\ember\documents\github\chestnut\3rd\skynet\lualib-src\lua-crypt.c(429): warning C4018: '>=': signed/unsigned mismatch
d:\ember\documents\github\chestnut\3rd\skynet\lualib-src\lua-crypt.c(490): warning C4018: '<': signed/unsigned mismatch
d:\ember\documents\github\chestnut\3rd\skynet\lualib-src\lua-crypt.c(513): warning C4018: '<': signed/unsigned mismatch
d:\ember\documents\github\chestnut\3rd\skynet\lualib-src\lua-crypt.c(886): warning C4018: '<': signed/unsigned mismatch
d:\ember\documents\github\chestnut\3rd\skynet\lualib-src\lua-crypt.c(890): warning C4018: '>=': signed/unsigned mismatch
d:\ember\documents\github\chestnut\3rd\skynet\lualib-src\lua-crypt.c(949): warning C4018: '<': signed/unsigned mismatch
d:\ember\documents\github\chestnut\3rd\skynet\lualib-src\lua-crypt.c(968): warning C4244: 'function': conversion from 'time_t' to 'unsigned int', possible loss of data
  lua-cluster.c
d:\ember\documents\github\chestnut\3rd\skynet\lualib-src\lua-cluster.c(107): warning C4013: 'free' undefined; assuming extern returning int
d:\ember\documents\github\chestnut\3rd\skynet\lualib-src\lua-cluster.c(168): warning C4244: 'initializing': conversion from 'lua_Integer' to 'int', possible loss of data
d:\ember\documents\github\chestnut\3rd\skynet\lualib-src\lua-cluster.c(277): warning C4018: '<': signed/unsigned mismatch
d:\ember\documents\github\chestnut\3rd\skynet\lualib-src\lua-cluster.c(299): warning C4018: '<': signed/unsigned mismatch
d:\ember\documents\github\chestnut\3rd\skynet\lualib-src\lua-cluster.c(485): warning C4013: 'malloc' undefined; assuming extern returning int
d:\ember\documents\github\chestnut\3rd\skynet\lualib-src\lua-cluster.c(491): warning C4018: '>': signed/unsigned mismatch
d:\ember\documents\github\chestnut\3rd\skynet\lualib-src\lua-cluster.c(483): warning C4244: 'initializing': conversion from 'lua_Integer' to 'int', possible loss of data
d:\ember\documents\github\chestnut\3rd\skynet\lualib-src\lua-cluster.c(485): warning C4047: 'initializing': 'char *' differs in levels of indirection from 'int'
  lsha1.c
  Generating Code...
LINK : fatal error LNK1104: cannot open file 'skynet.lib'
