  unistd.c
d:\ember\documents\github\chestnut\3rd\skynet\build\posix\unistd.c(16): warning C4047: 'return': 'pid_t' differs in levels of indirection from 'HANDLE'
d:\ember\documents\github\chestnut\3rd\skynet\build\posix\unistd.c(20): warning C4022: 'TerminateProcess': pointer mismatch for actual parameter 1
d:\ember\documents\github\chestnut\3rd\skynet\build\posix\unistd.c(116): warning C4013: 'srand' undefined; assuming extern returning int
d:\ember\documents\github\chestnut\3rd\skynet\build\posix\unistd.c(119): warning C4013: 'rand' undefined; assuming extern returning int
d:\ember\documents\github\chestnut\3rd\skynet\build\posix\unistd.c(164): warning C4090: '=': different 'const' qualifiers
d:\ember\documents\github\chestnut\3rd\skynet\build\posix\unistd.c(183): warning C4018: '<': signed/unsigned mismatch
d:\ember\documents\github\chestnut\3rd\skynet\build\posix\unistd.c(191): warning C4018: '>=': signed/unsigned mismatch
  dlfcn.c
  atomicwin.c
d:\ember\documents\github\chestnut\3rd\skynet\build\posix\atomicwin.c(32): warning C4090: 'function': different 'volatile' qualifiers
  Generating Code...
d:\ember\documents\github\chestnut\3rd\skynet\build\posix\unistd.c(99): warning C4716: 'sigaction': must return a value
d:\ember\documents\github\chestnut\3rd\skynet\build\posix\unistd.c(76): warning C4716: 'flock': must return a value
  cpoll.cpp
d:\ember\documents\github\chestnut\3rd\skynet\build\posix\cpoll\cpoll.cpp(266): warning C4018: '<': signed/unsigned mismatch
     Creating library D:\Ember\Documents\github\chestnut\3rd\skynet\build\vs2017\..\..\posix.lib and object D:\Ember\Documents\github\chestnut\3rd\skynet\build\vs2017\..\..\posix.exp
atomicwin.obj : error LNK2019: unresolved external symbol __imp__pthread_mutex_init referenced in function _ATOM_CAS8
atomicwin.obj : error LNK2019: unresolved external symbol __imp__pthread_mutex_destroy referenced in function _ATOM_CAS8
atomicwin.obj : error LNK2019: unresolved external symbol __imp__pthread_mutex_lock referenced in function _ATOM_CAS8
atomicwin.obj : error LNK2019: unresolved external symbol __imp__pthread_mutex_unlock referenced in function _ATOM_CAS8
D:\Ember\Documents\github\chestnut\3rd\skynet\build\vs2017\pthreadVC2.lib : warning LNK4272: library machine type 'x64' conflicts with target machine type 'X86'
D:\Ember\Documents\github\chestnut\3rd\skynet\build\vs2017\..\..\posix.dll : fatal error LNK1120: 4 unresolved externals
