  sproto.c
d:\ember\documents\github\chestnut\3rd\skynet\lualib-src\sproto\sproto.c(102): warning C4018: '>=': signed/unsigned mismatch
d:\ember\documents\github\chestnut\3rd\skynet\lualib-src\sproto\sproto.c(151): warning C4018: '<': signed/unsigned mismatch
d:\ember\documents\github\chestnut\3rd\skynet\lualib-src\sproto\sproto.c(1027): warning C4018: '>': signed/unsigned mismatch
d:\ember\documents\github\chestnut\3rd\skynet\lualib-src\sproto\sproto.c(1072): warning C4018: '<': signed/unsigned mismatch
d:\ember\documents\github\chestnut\3rd\skynet\lualib-src\sproto\sproto.c(1082): warning C4018: '<': signed/unsigned mismatch
d:\ember\documents\github\chestnut\3rd\skynet\lualib-src\sproto\sproto.c(1097): warning C4018: '<': signed/unsigned mismatch
d:\ember\documents\github\chestnut\3rd\skynet\lualib-src\sproto\sproto.c(1154): warning C4018: '<': signed/unsigned mismatch
  lsproto.c
d:\ember\documents\github\chestnut\3rd\skynet\lualib-src\sproto\lsproto.c(213): warning C4018: '>': signed/unsigned mismatch
d:\ember\documents\github\chestnut\3rd\skynet\lualib-src\sproto\lsproto.c(274): warning C4244: 'initializing': conversion from 'lua_Integer' to 'int', possible loss of data
d:\ember\documents\github\chestnut\3rd\skynet\lualib-src\sproto\lsproto.c(358): warning C4244: 'initializing': conversion from 'uint64_t' to 'int', possible loss of data
d:\ember\documents\github\chestnut\3rd\skynet\lualib-src\sproto\lsproto.c(436): warning C4244: '=': conversion from 'lua_Integer' to '::size_t', possible loss of data
d:\ember\documents\github\chestnut\3rd\skynet\lualib-src\sproto\lsproto.c(504): warning C4018: '<': signed/unsigned mismatch
d:\ember\documents\github\chestnut\3rd\skynet\lualib-src\sproto\lsproto.c(508): warning C4018: '>': signed/unsigned mismatch
d:\ember\documents\github\chestnut\3rd\skynet\lualib-src\sproto\lsproto.c(503): warning C4244: 'initializing': conversion from 'lua_Integer' to 'int', possible loss of data
d:\ember\documents\github\chestnut\3rd\skynet\lualib-src\sproto\lsproto.c(521): warning C4244: 'initializing': conversion from 'lua_Integer' to 'int', possible loss of data
d:\ember\documents\github\chestnut\3rd\skynet\lualib-src\sproto\lsproto.c(556): warning C4244: '=': conversion from 'lua_Integer' to 'int', possible loss of data
d:\ember\documents\github\chestnut\3rd\skynet\lualib-src\sproto\lsproto.c(598): warning C4244: 'initializing': conversion from 'lua_Integer' to 'int', possible loss of data
d:\ember\documents\github\chestnut\3rd\skynet\lualib-src\sproto\lsproto.c(609): warning C4244: 'initializing': conversion from 'lua_Integer' to 'int', possible loss of data
  Generating Code...
LINK : fatal error LNK1104: cannot open file 'D:\Ember\Documents\github\chestnut\3rd\skynet\lua53.lib'
